<?xml version="1.0" encoding="UTF-8"?>
<testsuite xmlns:xsi="http://www.w3.org/2001/XMLSchema-instance" xsi:noNamespaceSchemaLocation="https://maven.apache.org/surefire/maven-surefire-plugin/xsd/surefire-test-report-3.0.xsd" version="3.0" name="TestSuite" time="17.135" tests="1" errors="0" skipped="0" failures="1">
  <properties>
[...]
</properties>
  <testcase name="oldTest" classname="SeleniumAcademy.AppTest" time="16.891">
    <failure message="element click intercepted: Element &lt;div class=&quot;oc3-product-variants&quot;&gt;...&lt;/div&gt; is not clickable at point (982, 317). Other element would receive the click: &lt;img data-bind=&quot;attr: {src: childSKUs &amp;amp;&amp;amp; childSKUs.length &gt; 0 &amp;amp;&amp;amp; childSKUs[0].primaryThumbImageURL ?&#10;                                                                        childSKUs[0].primaryThumbImageURL : primaryThumbImageURL, alt: $parent.displayName}&quot; alt=&quot;PARK UP&quot; src=&quot;/ccstore/v1/images/?source=/file/v5572238391200008798/products/105063_medium.jpg&amp;amp;height=100&amp;amp;width=100&quot;&gt;&#10;  (Session info: chrome=81.0.4044.129)&#10;Build info: version: &apos;3.141.59&apos;, revision: &apos;e82be7d358&apos;, time: &apos;2018-11-14T08:17:03&apos;&#10;System info: host: &apos;Kamils-Mac-mini&apos;, ip: &apos;2a02:c7f:363d:3200:dc9e:edcf:c608:d556%en0&apos;, os.name: &apos;Mac OS X&apos;, os.arch: &apos;x86_64&apos;, os.version: &apos;10.13.6&apos;, java.version: &apos;1.8.0_241&apos;&#10;Driver info: org.openqa.selenium.chrome.ChromeDriver&#10;Capabilities {acceptInsecureCerts: false, browserName: chrome, browserVersion: 81.0.4044.129, chrome: {chromedriverVersion: 81.0.4044.69 (6813546031a4b..., userDataDir: /var/folders/mq/r6jgtywj4m1...}, goog:chromeOptions: {debuggerAddress: localhost:51550}, javascriptEnabled: true, networkConnectionEnabled: false, pageLoadStrategy: normal, platform: MAC, platformName: MAC, proxy: Proxy(), setWindowRect: true, strictFileInteractability: false, timeouts: {implicit: 0, pageLoad: 300000, script: 30000}, unhandledPromptBehavior: dismiss and notify, webauthn:virtualAuthenticators: true}&#10;Session ID: b3bd42f243efb5531f7febe420bd65d6" type="org.openqa.selenium.ElementClickInterceptedException"><![CDATA[org.openqa.selenium.ElementClickInterceptedException: 
element click intercepted: Element <div class="oc3-product-variants">...</div> is not clickable at point (982, 317). Other element would receive the click: <img data-bind="attr: {src: childSKUs &amp;&amp; childSKUs.length > 0 &amp;&amp; childSKUs[0].primaryThumbImageURL ?
                                                                        childSKUs[0].primaryThumbImageURL : primaryThumbImageURL, alt: $parent.displayName}" alt="PARK UP" src="/ccstore/v1/images/?source=/file/v5572238391200008798/products/105063_medium.jpg&amp;height=100&amp;width=100">
  (Session info: chrome=81.0.4044.129)
Build info: version: '3.141.59', revision: 'e82be7d358', time: '2018-11-14T08:17:03'
System info: host: 'Kamils-Mac-mini', ip: '2a02:c7f:363d:3200:dc9e:edcf:c608:d556%en0', os.name: 'Mac OS X', os.arch: 'x86_64', os.version: '10.13.6', java.version: '1.8.0_241'
Driver info: org.openqa.selenium.chrome.ChromeDriver
Capabilities {acceptInsecureCerts: false, browserName: chrome, browserVersion: 81.0.4044.129, chrome: {chromedriverVersion: 81.0.4044.69 (6813546031a4b..., userDataDir: /var/folders/mq/r6jgtywj4m1...}, goog:chromeOptions: {debuggerAddress: localhost:51550}, javascriptEnabled: true, networkConnectionEnabled: false, pageLoadStrategy: normal, platform: MAC, platformName: MAC, proxy: Proxy(), setWindowRect: true, strictFileInteractability: false, timeouts: {implicit: 0, pageLoad: 300000, script: 30000}, unhandledPromptBehavior: dismiss and notify, webauthn:virtualAuthenticators: true}
Session ID: b3bd42f243efb5531f7febe420bd65d6
	at SeleniumAcademy.AppTest.oldTest(AppTest.java:83)
]]></failure>
    <system-err><![CDATA[Starting ChromeDriver 81.0.4044.69 (6813546031a4bc83f717a2ef7cd4ac6ec1199132-refs/branch-heads/4044@{#776}) on port 35058
Only local connections are allowed.
Please protect ports used by ChromeDriver and related test frameworks to prevent access by malicious code.
May 02, 2020 1:28:51 PM org.openqa.selenium.remote.ProtocolHandshake createSession
INFO: Detected dialect: W3C
]]></system-err>
  </testcase>
</testsuite>