<?xml version="1.0" encoding="UTF-8"?>
<testng-results ignored="0" total="1" passed="1" failed="0" skipped="0">
  <reporter-output>
  </reporter-output>
  <suite started-at="2020-05-07T10:44:48Z" name="Default suite" finished-at="2020-05-07T10:44:56Z" duration-ms="7468">
    <groups>
    </groups>
    <test started-at="2020-05-07T10:44:48Z" name="Default test" finished-at="2020-05-07T10:44:56Z" duration-ms="7468">
      <class name="mainTests.loginTest">
        <test-method signature="basePageNavigation()[pri:0, instance:mainTests.loginTest@7f9fcf7f]" started-at="2020-05-07T10:44:48Z" name="basePageNavigation" finished-at="2020-05-07T10:44:56Z" duration-ms="7449" status="PASS">
          <reporter-output>
          </reporter-output>
        </test-method> <!-- basePageNavigation -->
      </class> <!-- mainTests.loginTest -->
    </test> <!-- Default test -->
  </suite> <!-- Default suite -->
</testng-results>
