<?xml version="1.0" encoding="UTF-8"?>
<testng-results ignored="0" total="1" passed="1" failed="0" skipped="0">
  <reporter-output>
  </reporter-output>
  <suite started-at="2020-05-06T23:17:12Z" name="Default suite" finished-at="2020-05-06T23:17:23Z" duration-ms="11230">
    <groups>
    </groups>
    <test started-at="2020-05-06T23:17:12Z" name="Default test" finished-at="2020-05-06T23:17:23Z" duration-ms="11230">
      <class name="SeleniumAcademy.addItemToBasketTest">
        <test-method signature="basePageNavigation()[pri:0, instance:SeleniumAcademy.addItemToBasketTest@7f9fcf7f]" started-at="2020-05-06T23:17:12Z" name="basePageNavigation" finished-at="2020-05-06T23:17:23Z" duration-ms="11210" status="PASS">
          <reporter-output>
          </reporter-output>
        </test-method> <!-- basePageNavigation -->
      </class> <!-- SeleniumAcademy.addItemToBasketTest -->
    </test> <!-- Default test -->
  </suite> <!-- Default suite -->
</testng-results>
